<?xml version="1.0" encoding="UTF-8"?>
<!-- Generated by org.testng.reporters.JUnitReportReporter -->
<testsuite skipped="0" hostname="DESKTOP-9QHLOLF" name="rahulshettybreakdown.testrunner.TestRunner" tests="1" failures="0" timestamp="19 Mar 2024 18:18:03 GMT" time="19.539" errors="0">
  <testcase name="runScenario" time="19.539" classname="rahulshettybreakdown.testrunner.TestRunner"/>
</testsuite> <!-- rahulshettybreakdown.testrunner.TestRunner -->
